<?xml version="1.0" encoding="UTF-8"?>
<!-- Generated by org.testng.reporters.JUnitReportReporter -->
<testsuite hostname="_bar" failures="0" tests="1" name="com.example.testcases.BankManagerLoginTest" time="0.984" errors="0" timestamp="3 Nov 2018 18:34:31 GMT">
  <testcase classname="com.example.testcases.BankManagerLoginTest" name="loginAsBankManagerTest" time="0.984"/>
</testsuite> <!-- com.example.testcases.BankManagerLoginTest -->
