<?xml version="1.0" encoding="UTF-8"?>
<!-- Generated by org.testng.reporters.JUnitReportReporter -->
<testsuite hostname="Makarov_K-PC" name="com.example.testcases.BankManagerLoginTest" tests="1" failures="0" timestamp="30 Oct 2018 14:10:25 GMT" time="1.609" errors="0">
  <testcase name="loginAsBankManagerTest" time="1.609" classname="com.example.testcases.BankManagerLoginTest"/>
</testsuite> <!-- com.example.testcases.BankManagerLoginTest -->
