<?xml version="1.0" encoding="UTF-8"?>
<!-- Generated by org.testng.reporters.JUnitReportReporter -->
<testsuite hostname="_bar" name="com.example.testcases.BankManagerLoginTest" tests="1" failures="0" timestamp="31 Oct 2018 20:01:19 GMT" time="1.740" errors="0">
  <testcase name="loginAsBankManagerTest" time="1.740" classname="com.example.testcases.BankManagerLoginTest"/>
</testsuite> <!-- com.example.testcases.BankManagerLoginTest -->
