<?xml version="1.0" encoding="UTF-8"?>
<!-- Generated by org.testng.reporters.JUnitReportReporter -->
<testsuite hostname="_bar" failures="0" tests="3" name="com.example.testcases.OpenAccountTest" time="3.778" errors="0" timestamp="3 Nov 2018 18:34:31 GMT">
  <testcase classname="com.example.testcases.OpenAccountTest" name="openAccountTest" time="1.270"/>
  <testcase classname="com.example.testcases.OpenAccountTest" name="openAccountTest" time="1.350"/>
  <testcase classname="com.example.testcases.OpenAccountTest" name="openAccountTest" time="1.158"/>
</testsuite> <!-- com.example.testcases.OpenAccountTest -->
