<?xml version="1.0" encoding="UTF-8"?>
<!-- Generated by org.testng.reporters.JUnitReportReporter -->
<testsuite hostname="Makarov_K-PC" failures="0" tests="1" name="com.example.testcases.AddCustomerTest" time="0.405" errors="0" timestamp="29 Oct 2018 09:14:43 GMT">
  <testcase classname="com.example.testcases.AddCustomerTest" name="addCustomerTest" time="0.405"/>
</testsuite> <!-- com.example.testcases.AddCustomerTest -->
