<?xml version="1.0" encoding="UTF-8"?>
<!-- Generated by org.testng.reporters.JUnitReportReporter -->
<testsuite hostname="Makarov_K-PC" failures="0" tests="1" name="com.example.testcases.AddCustomerTest" time="1.150" errors="0" timestamp="30 Oct 2018 13:12:26 GMT">
  <testcase classname="com.example.testcases.AddCustomerTest" name="addCustomerTest" time="1.150"/>
</testsuite> <!-- com.example.testcases.AddCustomerTest -->
