<?xml version="1.0" encoding="UTF-8"?>
<!-- Generated by org.testng.reporters.JUnitReportReporter -->
<testsuite hostname="_bar" name="com.example.testcases.OpenAccountTest" tests="3" failures="0" timestamp="30 Oct 2018 21:21:07 GMT" time="2.120" errors="0">
  <testcase name="openAccountTest" time="1.117" classname="com.example.testcases.OpenAccountTest"/>
  <testcase name="openAccountTest" time="0.508" classname="com.example.testcases.OpenAccountTest"/>
  <testcase name="openAccountTest" time="0.495" classname="com.example.testcases.OpenAccountTest"/>
</testsuite> <!-- com.example.testcases.OpenAccountTest -->
