<?xml version="1.0" encoding="UTF-8"?>
<!-- Generated by org.testng.reporters.JUnitReportReporter -->
<testsuite hostname="Makarov_K-PC" failures="0" tests="3" name="com.example.testcases.OpenAccountTest" time="3.131" errors="0" timestamp="29 Oct 2018 09:14:43 GMT">
  <testcase classname="com.example.testcases.OpenAccountTest" name="openAccountTest" time="1.028"/>
  <testcase classname="com.example.testcases.OpenAccountTest" name="openAccountTest" time="1.038"/>
  <testcase classname="com.example.testcases.OpenAccountTest" name="openAccountTest" time="1.065"/>
</testsuite> <!-- com.example.testcases.OpenAccountTest -->
