<?xml version="1.0" encoding="UTF-8"?>
<!-- Generated by org.testng.reporters.JUnitReportReporter -->
<testsuite hostname="_bar" name="com.example.testcases.BankManagerLoginTest" tests="1" failures="0" timestamp="30 Oct 2018 21:21:07 GMT" time="1.189" errors="0">
  <testcase name="loginAsBankManagerTest" time="1.189" classname="com.example.testcases.BankManagerLoginTest"/>
</testsuite> <!-- com.example.testcases.BankManagerLoginTest -->
