<?xml version="1.0" encoding="UTF-8"?>
<!-- Generated by org.testng.reporters.JUnitReportReporter -->
<<<<<<< HEAD
<testsuite hostname="_bar" name="com.example.testcases.OpenAccountTest" tests="3" failures="0" timestamp="31 Oct 2018 20:01:19 GMT" time="1.629" errors="0">
  <testcase name="openAccountTest" time="0.974" classname="com.example.testcases.OpenAccountTest"/>
  <testcase name="openAccountTest" time="0.330" classname="com.example.testcases.OpenAccountTest"/>
  <testcase name="openAccountTest" time="0.325" classname="com.example.testcases.OpenAccountTest"/>
=======
<testsuite hostname="Makarov_K-PC" name="com.example.testcases.OpenAccountTest" tests="3" failures="0" timestamp="1 Nov 2018 12:13:38 GMT" time="1.916" errors="0">
  <testcase name="openAccountTest" time="0.424" classname="com.example.testcases.OpenAccountTest"/>
  <testcase name="openAccountTest" time="1.065" classname="com.example.testcases.OpenAccountTest"/>
  <testcase name="openAccountTest" time="0.427" classname="com.example.testcases.OpenAccountTest"/>
>>>>>>> 8f29ee8025a6b794e4d000980f43024bb0b8082a
</testsuite> <!-- com.example.testcases.OpenAccountTest -->
