<?xml version="1.0" encoding="UTF-8"?>
<!-- Generated by org.testng.reporters.JUnitReportReporter -->
<testsuite hostname="Makarov_K-PC" name="com.example.testcases.BankManagerLoginTest" tests="1" failures="0" timestamp="1 Nov 2018 12:13:38 GMT" time="1.179" errors="0">
  <testcase name="loginAsBankManagerTest" time="1.179" classname="com.example.testcases.BankManagerLoginTest"/>
</testsuite> <!-- com.example.testcases.BankManagerLoginTest -->
