<?xml version="1.0" encoding="UTF-8"?>
<!-- Generated by org.testng.reporters.JUnitReportReporter -->
<testsuite hostname="_bar" name="com.example.testcases.AddCustomerTest" tests="1" failures="0" timestamp="31 Oct 2018 20:01:19 GMT" time="0.829" errors="0">
  <testcase name="addCustomerTest" time="0.829" classname="com.example.testcases.AddCustomerTest"/>
</testsuite> <!-- com.example.testcases.AddCustomerTest -->
