<?xml version="1.0" encoding="UTF-8"?>
<!-- Generated by org.testng.reporters.JUnitReportReporter -->
<testsuite hostname="_bar" failures="0" tests="3" name="com.example.testcases.OpenAccountTest" time="3.662" errors="0" timestamp="28 Oct 2018 20:40:50 GMT">
  <testcase classname="com.example.testcases.OpenAccountTest" name="openAccountTest" time="1.221"/>
  <testcase classname="com.example.testcases.OpenAccountTest" name="openAccountTest" time="1.209"/>
  <testcase classname="com.example.testcases.OpenAccountTest" name="openAccountTest" time="1.232"/>
</testsuite> <!-- com.example.testcases.OpenAccountTest -->
