<?xml version="1.0" encoding="UTF-8"?>
<!-- Generated by org.testng.reporters.JUnitReportReporter -->
<testsuite hostname="_bar" name="com.example.testcases.AddCustomerTest" tests="1" failures="0" timestamp="27 Oct 2018 22:23:36 GMT" time="0.957" errors="0">
  <testcase name="addCustomerTest" time="0.957" classname="com.example.testcases.AddCustomerTest"/>
</testsuite> <!-- com.example.testcases.AddCustomerTest -->
