<?xml version="1.0" encoding="UTF-8"?>
<!-- Generated by org.testng.reporters.JUnitReportReporter -->
<testsuite hostname="Makarov_K-PC" failures="0" tests="3" name="com.example.testcases.OpenAccountTest" time="2.312" errors="0" timestamp="30 Oct 2018 13:12:26 GMT">
  <testcase classname="com.example.testcases.OpenAccountTest" name="openAccountTest" time="0.531"/>
  <testcase classname="com.example.testcases.OpenAccountTest" name="openAccountTest" time="0.456"/>
  <testcase classname="com.example.testcases.OpenAccountTest" name="openAccountTest" time="1.325"/>
</testsuite> <!-- com.example.testcases.OpenAccountTest -->
