<?xml version="1.0" encoding="UTF-8"?>
<!-- Generated by org.testng.reporters.JUnitReportReporter -->
<testsuite hostname="Makarov_K-PC" name="com.example.testcases.OpenAccountTest" tests="3" failures="0" timestamp="30 Oct 2018 14:10:25 GMT" time="1.984" errors="0">
  <testcase name="openAccountTest" time="1.060" classname="com.example.testcases.OpenAccountTest"/>
  <testcase name="openAccountTest" time="0.475" classname="com.example.testcases.OpenAccountTest"/>
  <testcase name="openAccountTest" time="0.449" classname="com.example.testcases.OpenAccountTest"/>
</testsuite> <!-- com.example.testcases.OpenAccountTest -->
