<?xml version="1.0" encoding="UTF-8"?>
<!-- Generated by org.testng.reporters.JUnitReportReporter -->
<testsuite hostname="_bar" name="com.example.testcases.OpenAccountTest" tests="3" failures="0" timestamp="31 Oct 2018 20:01:19 GMT" time="1.629" errors="0">
  <testcase name="openAccountTest" time="0.974" classname="com.example.testcases.OpenAccountTest"/>
  <testcase name="openAccountTest" time="0.330" classname="com.example.testcases.OpenAccountTest"/>
  <testcase name="openAccountTest" time="0.325" classname="com.example.testcases.OpenAccountTest"/>
</testsuite> <!-- com.example.testcases.OpenAccountTest -->
