<?xml version="1.0" encoding="UTF-8"?>
<!-- Generated by org.testng.reporters.JUnitReportReporter -->
<testsuite hostname="_bar" failures="0" tests="1" name="com.example.testcases.BankManagerLoginTest" time="0.815" errors="0" timestamp="28 Oct 2018 20:40:50 GMT">
  <testcase classname="com.example.testcases.BankManagerLoginTest" name="loginAsBankManagerTest" time="0.815"/>
</testsuite> <!-- com.example.testcases.BankManagerLoginTest -->
