<?xml version="1.0" encoding="UTF-8"?>
<!-- Generated by org.testng.reporters.JUnitReportReporter -->
<<<<<<< HEAD
<testsuite hostname="_bar" name="com.example.testcases.AddCustomerTest" tests="1" failures="0" timestamp="31 Oct 2018 20:01:19 GMT" time="0.829" errors="0">
  <testcase name="addCustomerTest" time="0.829" classname="com.example.testcases.AddCustomerTest"/>
=======
<testsuite hostname="Makarov_K-PC" name="com.example.testcases.AddCustomerTest" tests="1" failures="0" timestamp="1 Nov 2018 12:13:38 GMT" time="0.978" errors="0">
  <testcase name="addCustomerTest" time="0.978" classname="com.example.testcases.AddCustomerTest"/>
>>>>>>> 8f29ee8025a6b794e4d000980f43024bb0b8082a
</testsuite> <!-- com.example.testcases.AddCustomerTest -->
