<?xml version="1.0" encoding="UTF-8"?>
<!-- Generated by org.testng.reporters.JUnitReportReporter -->
<testsuite hostname="Makarov_K-PC" failures="0" tests="1" name="com.example.testcases.BankManagerLoginTest" time="0.750" errors="0" timestamp="29 Oct 2018 09:14:43 GMT">
  <testcase classname="com.example.testcases.BankManagerLoginTest" name="loginAsBankManagerTest" time="0.750"/>
</testsuite> <!-- com.example.testcases.BankManagerLoginTest -->
